{"total": {"lines":{"total":492,"covered":492,"skipped":0,"pct":100},"statements":{"total":610,"covered":610,"skipped":0,"pct":100},"functions":{"total":121,"covered":121,"skipped":0,"pct":100},"branches":{"total":470,"covered":470,"skipped":0,"pct":100},"branchesTrue":{"total":0,"covered":0,"skipped":0,"pct":100}}
,"/home/adrian/Projects/treeseed/market/packages/reviewer/src/server/evidence.ts": {"lines":{"total":22,"covered":22,"skipped":0,"pct":100},"functions":{"total":4,"covered":4,"skipped":0,"pct":100},"statements":{"total":23,"covered":23,"skipped":0,"pct":100},"branches":{"total":22,"covered":22,"skipped":0,"pct":100}}
,"/home/adrian/Projects/treeseed/market/packages/reviewer/src/server/guarantee-runs.ts": {"lines":{"total":127,"covered":127,"skipped":0,"pct":100},"functions":{"total":32,"covered":32,"skipped":0,"pct":100},"statements":{"total":155,"covered":155,"skipped":0,"pct":100},"branches":{"total":98,"covered":98,"skipped":0,"pct":100}}
,"/home/adrian/Projects/treeseed/market/packages/reviewer/src/server/routes.ts": {"lines":{"total":101,"covered":101,"skipped":0,"pct":100},"functions":{"total":9,"covered":9,"skipped":0,"pct":100},"statements":{"total":111,"covered":111,"skipped":0,"pct":100},"branches":{"total":84,"covered":84,"skipped":0,"pct":100}}
,"/home/adrian/Projects/treeseed/market/packages/reviewer/src/server/workplans.ts": {"lines":{"total":91,"covered":91,"skipped":0,"pct":100},"functions":{"total":39,"covered":39,"skipped":0,"pct":100},"statements":{"total":112,"covered":112,"skipped":0,"pct":100},"branches":{"total":64,"covered":64,"skipped":0,"pct":100}}
,"/home/adrian/Projects/treeseed/market/packages/reviewer/src/shared/guarantee-review.ts": {"lines":{"total":144,"covered":144,"skipped":0,"pct":100},"functions":{"total":36,"covered":36,"skipped":0,"pct":100},"statements":{"total":197,"covered":197,"skipped":0,"pct":100},"branches":{"total":192,"covered":192,"skipped":0,"pct":100}}
,"/home/adrian/Projects/treeseed/market/packages/reviewer/src/shared/workplan.ts": {"lines":{"total":7,"covered":7,"skipped":0,"pct":100},"functions":{"total":1,"covered":1,"skipped":0,"pct":100},"statements":{"total":12,"covered":12,"skipped":0,"pct":100},"branches":{"total":10,"covered":10,"skipped":0,"pct":100}}
}
